<?xml version="1.0" encoding="UTF-8"?>
<!-- Generated by org.testng.reporters.JUnitXMLReporter -->
<testsuite hostname="WIN-9CSDHDN9FSR" ignored="0" name="Command line test" tests="6" failures="0" timestamp="2020-07-10T17:06:10 EDT" time="0.078" errors="0">
  <testcase name="IOSApps" time="0.008" classname="qaclickacademy.Mavenjava.AppiumTest"/>
  <testcase name="NativeAPPAndroid" time="0.001" classname="qaclickacademy.Mavenjava.AppiumTest"/>
  <testcase name="DeleteTwitter" time="0.0" classname="qaclickacademy.Mavenjava.RESTAPITest"/>
  <testcase name="PostJira" time="0.0" classname="qaclickacademy.Mavenjava.RESTAPITest"/>
  <testcase name="BrowserAutomation" time="0.0" classname="qaclickacademy.Mavenjava.SeleniumTest"/>
  <testcase name="ElementsUI" time="0.001" classname="qaclickacademy.Mavenjava.SeleniumTest"/>
</testsuite> <!-- Command line test -->
