<?xml version="1.0" encoding="UTF-8"?>
<!-- Generated by org.testng.reporters.JUnitXMLReporter -->
<testsuite hostname="WIN-9CSDHDN9FSR" ignored="0" name="Test" tests="4" failures="0" timestamp="2020-07-10T16:57:51 EDT" time="0.089" errors="0">
  <testcase name="DeleteTwitter" time="0.005" classname="qaclickacademy.Mavenjava.RESTAPITest"/>
  <testcase name="PostJira" time="0.001" classname="qaclickacademy.Mavenjava.RESTAPITest"/>
  <testcase name="BrowserAutomation" time="0.001" classname="qaclickacademy.Mavenjava.SeleniumTest"/>
  <testcase name="ElementsUI" time="0.002" classname="qaclickacademy.Mavenjava.SeleniumTest"/>
</testsuite> <!-- Test -->
